Using pre-set license
Built from '2020.3/staging' branch; Version is '2020.3.0f1 (c7b5465681fb) revision 13088070'; Using compiler version '192528614'; Build Type 'Release'
OS: 'Windows 10 Home Single Language; OS build 19041.1110; Version 2004; 64bit' Language: 'tr' Physical Memory: 8134 MB
BatchMode: 1, IsHumanControllingUs: 0, StartBugReporterOnCrash: 0, Is64bit: 1, IsPro: 0

 COMMAND LINE ARGUMENTS:
C:\Program Files\Unity\Hub\Editor\2020.3.0f1\Editor\Unity.exe
-adb2
-batchMode
-noUpm
-name
AssetImportWorker0
-projectPath
C:/Unity/EscapeGame
-logFile
Logs/AssetImportWorker0.log
-srvPort
52730
Successfully changed project path to: C:/Unity/EscapeGame
C:/Unity/EscapeGame
Using Asset Import Pipeline V2.
Refreshing native plugins compatible for Editor in 55.38 ms, found 0 plugins.
Preloading 0 native plugins for Editor in 0.00 ms.
Initialize engine version: 2020.3.0f1 (c7b5465681fb)
[Subsystems] Discovering subsystems at path C:/Program Files/Unity/Hub/Editor/2020.3.0f1/Editor/Data/Resources/UnitySubsystems
[Subsystems] Discovering subsystems at path C:/Unity/EscapeGame/Assets
GfxDevice: creating device client; threaded=0
Direct3D:
    Version:  Direct3D 11.0 [level 11.1]
    Renderer: NVIDIA GeForce GTX 1060 6GB (ID=0x1c03)
    Vendor:   
    VRAM:     6052 MB
    Driver:   30.0.14.7141
Initialize mono
Mono path[0] = 'C:/Program Files/Unity/Hub/Editor/2020.3.0f1/Editor/Data/Managed'
Mono path[1] = 'C:/Program Files/Unity/Hub/Editor/2020.3.0f1/Editor/Data/MonoBleedingEdge/lib/mono/unityjit'
Mono config path = 'C:/Program Files/Unity/Hub/Editor/2020.3.0f1/Editor/Data/MonoBleedingEdge/etc'
Using monoOptions --debugger-agent=transport=dt_socket,embedding=1,server=y,suspend=n,address=127.0.0.1:56360
Begin MonoManager ReloadAssembly
Registering precompiled unity dll's ...
Register platform support module: C:/Program Files/Unity/Hub/Editor/2020.3.0f1/Editor/Data/PlaybackEngines/WindowsStandaloneSupport/UnityEditor.WindowsStandalone.Extensions.dll
Registered in 0.002252 seconds.
Native extension for WindowsStandalone target not found
Refreshing native plugins compatible for Editor in 54.85 ms, found 0 plugins.
Preloading 0 native plugins for Editor in 0.00 ms.
Invoked RoslynAnalysisRunner static constructor.
RoslynAnalysisRunner will not be running.
RoslynAnalysisRunner has terminated.
Mono: successfully reloaded assembly
- Completed reload, in  2.133 seconds
Platform modules already initialized, skipping
Registering precompiled user dll's ...
Registered in 0.001816 seconds.
Begin MonoManager ReloadAssembly
Native extension for WindowsStandalone target not found
Refreshing native plugins compatible for Editor in 56.35 ms, found 0 plugins.
Preloading 0 native plugins for Editor in 0.00 ms.
Invoked RoslynAnalysisRunner static constructor.
RoslynAnalysisRunner will not be running.
RoslynAnalysisRunner has terminated.
Mono: successfully reloaded assembly
- Completed reload, in  1.054 seconds
Platform modules already initialized, skipping
========================================================================
Worker process is ready to serve import requests
Shader 'Universal Render Pipeline/Particles/Lit': fallback shader 'Universal Render Pipeline/Particles/SimpleLit' not found
Shader 'Universal Render Pipeline/Particles/Lit': fallback shader 'Universal Render Pipeline/Particles/SimpleLit' not found
Launched and connected shader compiler UnityShaderCompiler.exe after 0.05 seconds
Refreshing native plugins compatible for Editor in 0.60 ms, found 0 plugins.
Preloading 0 native plugins for Editor in 0.00 ms.
Unloading 2477 Unused Serialized files (Serialized files now loaded: 0)
System memory in use before: 117.4 MB.
System memory in use after: 115.4 MB.

Unloading 44 unused Assets to reduce memory usage. Loaded Objects now: 2897.
Total: 3.476700 ms (FindLiveObjects: 0.252000 ms CreateObjectMapping: 0.125000 ms MarkObjects: 1.890000 ms  DeleteObjects: 1.208600 ms)

========================================================================
Received Import Request.
  path: Assets/Stylize Water Texture/Materials/Stylize_Lava.mat
  artifactKey: Guid(9418a5fcbafe84543998bd7c831a9ee1) Importer(815301076,1909f56bfc062723c751e8b465ee728b)
Start importing Assets/Stylize Water Texture/Materials/Stylize_Lava.mat using Guid(9418a5fcbafe84543998bd7c831a9ee1) Importer(815301076,1909f56bfc062723c751e8b465ee728b)  -> (artifact id: 'd82b798e535b47e3a0d712f448933406') in 0.322803 seconds
  Import took 0.327759 seconds .

========================================================================
Received Import Request.
  Time since last request: 0.000269 seconds.
  path: Assets/Stylize Water Texture/Materials/Stylize_Lava_diffuse.mat
  artifactKey: Guid(3b3ab2ec86ef45c48b01abe26983a811) Importer(815301076,1909f56bfc062723c751e8b465ee728b)
Start importing Assets/Stylize Water Texture/Materials/Stylize_Lava_diffuse.mat using Guid(3b3ab2ec86ef45c48b01abe26983a811) Importer(815301076,1909f56bfc062723c751e8b465ee728b)  -> (artifact id: '06d7d89247381ad9f1c2cf963870f316') in 0.026330 seconds
  Import took 0.031673 seconds .

========================================================================
Received Import Request.
  Time since last request: 7.474361 seconds.
  path: Assets/Stylize Water Texture/Scene/Stylized Lava Texture.unity
  artifactKey: Guid(849b1b1d10486a7469570f8be8e1a870) Importer(815301076,1909f56bfc062723c751e8b465ee728b)
Start importing Assets/Stylize Water Texture/Scene/Stylized Lava Texture.unity using Guid(849b1b1d10486a7469570f8be8e1a870) Importer(815301076,1909f56bfc062723c751e8b465ee728b)  -> (artifact id: '82b2a6a51907923e1fee7b749ac5b87c') in 0.008608 seconds
  Import took 0.013024 seconds .

========================================================================
Received Import Request.
  Time since last request: 1.122262 seconds.
  path: Assets/Stylize Water Texture/Textures/Vol_35_3_Ambient_Occlusion.tga
  artifactKey: Guid(c6d0d08a7a14a45418caf59d9687df8f) Importer(815301076,1909f56bfc062723c751e8b465ee728b)
Start importing Assets/Stylize Water Texture/Textures/Vol_35_3_Ambient_Occlusion.tga using Guid(c6d0d08a7a14a45418caf59d9687df8f) Importer(815301076,1909f56bfc062723c751e8b465ee728b)  -> (artifact id: '5abbdc85fc5fe652f453d772814ad9c1') in 0.524488 seconds
  Import took 0.529534 seconds .

========================================================================
Received Import Request.
  Time since last request: 0.000272 seconds.
  path: Assets/Stylize Water Texture/Textures/Vol_35_3_Normal.tga
  artifactKey: Guid(6d3280b47426c8a4e89df1eabd45c33a) Importer(815301076,1909f56bfc062723c751e8b465ee728b)
Start importing Assets/Stylize Water Texture/Textures/Vol_35_3_Normal.tga using Guid(6d3280b47426c8a4e89df1eabd45c33a) Importer(815301076,1909f56bfc062723c751e8b465ee728b)  -> (artifact id: '0cb8864e792a3cf948d37bbea004fbbb') in 0.024868 seconds
  Import took 0.028906 seconds .

========================================================================
Received Import Request.
  Time since last request: 0.000316 seconds.
  path: Assets/Stylize Water Texture/Textures/Vol_35_3_Base_Color.tga
  artifactKey: Guid(dfc1785e05281294d878cde6894aa955) Importer(815301076,1909f56bfc062723c751e8b465ee728b)
Start importing Assets/Stylize Water Texture/Textures/Vol_35_3_Base_Color.tga using Guid(dfc1785e05281294d878cde6894aa955) Importer(815301076,1909f56bfc062723c751e8b465ee728b)  -> (artifact id: '4df09435a9dd1356f51a428439b0cda4') in 0.016283 seconds
  Import took 0.020210 seconds .

========================================================================
Received Import Request.
  Time since last request: 0.000303 seconds.
  path: Assets/Stylize Water Texture/Textures/Vol_35_3_Height.tga
  artifactKey: Guid(b54216825a0a75045ae1d36295ceecd4) Importer(815301076,1909f56bfc062723c751e8b465ee728b)
Start importing Assets/Stylize Water Texture/Textures/Vol_35_3_Height.tga using Guid(b54216825a0a75045ae1d36295ceecd4) Importer(815301076,1909f56bfc062723c751e8b465ee728b)  -> (artifact id: 'b97d77160a336f3a98dfef8f75f9f02b') in 0.017264 seconds
  Import took 0.020988 seconds .

========================================================================
Received Import Request.
  Time since last request: 0.000259 seconds.
  path: Assets/Stylize Water Texture/Textures/Vol_35_3_Roughness.tga
  artifactKey: Guid(ee6d998e65365904ba2f9fa70273b869) Importer(815301076,1909f56bfc062723c751e8b465ee728b)
Start importing Assets/Stylize Water Texture/Textures/Vol_35_3_Roughness.tga using Guid(ee6d998e65365904ba2f9fa70273b869) Importer(815301076,1909f56bfc062723c751e8b465ee728b)  -> (artifact id: '0ee5baa21d574d91397660d6b55b342a') in 0.025818 seconds
  Import took 0.030076 seconds .

========================================================================
Received Import Request.
  Time since last request: 0.000249 seconds.
  path: Assets/Stylize Water Texture/Textures/Vol_35_3_Emissive.tga
  artifactKey: Guid(fa33609267bcdfb41ac03c9fd4b56b68) Importer(815301076,1909f56bfc062723c751e8b465ee728b)
Start importing Assets/Stylize Water Texture/Textures/Vol_35_3_Emissive.tga using Guid(fa33609267bcdfb41ac03c9fd4b56b68) Importer(815301076,1909f56bfc062723c751e8b465ee728b)  -> (artifact id: '3ef65ba1e1c0a94fc50025eb15e34dd4') in 0.021950 seconds
  Import took 0.026287 seconds .

AssetImportWorkerClient::OnTransportError - code=2 error=End of file
