Using pre-set license
Built from '2020.3/staging' branch; Version is '2020.3.0f1 (c7b5465681fb) revision 13088070'; Using compiler version '192528614'; Build Type 'Release'
OS: 'Windows 10 Home Single Language; OS build 19041.1110; Version 2004; 64bit' Language: 'tr' Physical Memory: 8134 MB
BatchMode: 1, IsHumanControllingUs: 0, StartBugReporterOnCrash: 0, Is64bit: 1, IsPro: 0

 COMMAND LINE ARGUMENTS:
C:\Program Files\Unity\Hub\Editor\2020.3.0f1\Editor\Unity.exe
-adb2
-batchMode
-noUpm
-name
AssetImportWorker0
-projectPath
C:/Unity/EscapeGame
-logFile
Logs/AssetImportWorker0.log
-srvPort
62387
Successfully changed project path to: C:/Unity/EscapeGame
C:/Unity/EscapeGame
Using Asset Import Pipeline V2.
Refreshing native plugins compatible for Editor in 68.63 ms, found 0 plugins.
Preloading 0 native plugins for Editor in 0.00 ms.
Initialize engine version: 2020.3.0f1 (c7b5465681fb)
[Subsystems] Discovering subsystems at path C:/Program Files/Unity/Hub/Editor/2020.3.0f1/Editor/Data/Resources/UnitySubsystems
[Subsystems] Discovering subsystems at path C:/Unity/EscapeGame/Assets
GfxDevice: creating device client; threaded=0
Direct3D:
    Version:  Direct3D 11.0 [level 11.1]
    Renderer: NVIDIA GeForce GTX 1060 6GB (ID=0x1c03)
    Vendor:   
    VRAM:     6052 MB
    Driver:   30.0.14.7141
Initialize mono
Mono path[0] = 'C:/Program Files/Unity/Hub/Editor/2020.3.0f1/Editor/Data/Managed'
Mono path[1] = 'C:/Program Files/Unity/Hub/Editor/2020.3.0f1/Editor/Data/MonoBleedingEdge/lib/mono/unityjit'
Mono config path = 'C:/Program Files/Unity/Hub/Editor/2020.3.0f1/Editor/Data/MonoBleedingEdge/etc'
Using monoOptions --debugger-agent=transport=dt_socket,embedding=1,server=y,suspend=n,address=127.0.0.1:56512
Begin MonoManager ReloadAssembly
Registering precompiled unity dll's ...
Register platform support module: C:/Program Files/Unity/Hub/Editor/2020.3.0f1/Editor/Data/PlaybackEngines/WindowsStandaloneSupport/UnityEditor.WindowsStandalone.Extensions.dll
Registered in 0.002461 seconds.
Native extension for WindowsStandalone target not found
Refreshing native plugins compatible for Editor in 58.98 ms, found 0 plugins.
Preloading 0 native plugins for Editor in 0.00 ms.
Invoked RoslynAnalysisRunner static constructor.
RoslynAnalysisRunner will not be running.
RoslynAnalysisRunner has terminated.
Mono: successfully reloaded assembly
- Completed reload, in  3.173 seconds
Platform modules already initialized, skipping
Registering precompiled user dll's ...
Registered in 0.109551 seconds.
Begin MonoManager ReloadAssembly
Native extension for WindowsStandalone target not found
Refreshing native plugins compatible for Editor in 54.50 ms, found 0 plugins.
Preloading 0 native plugins for Editor in 0.00 ms.
Invoked RoslynAnalysisRunner static constructor.
RoslynAnalysisRunner will not be running.
RoslynAnalysisRunner has terminated.
Mono: successfully reloaded assembly
- Completed reload, in  3.061 seconds
Platform modules already initialized, skipping
========================================================================
Worker process is ready to serve import requests
Shader 'Universal Render Pipeline/Particles/Lit': fallback shader 'Universal Render Pipeline/Particles/SimpleLit' not found
Shader 'Universal Render Pipeline/Particles/Lit': fallback shader 'Universal Render Pipeline/Particles/SimpleLit' not found
Launched and connected shader compiler UnityShaderCompiler.exe after 0.05 seconds
Refreshing native plugins compatible for Editor in 0.49 ms, found 0 plugins.
Preloading 0 native plugins for Editor in 0.00 ms.
Unloading 2477 Unused Serialized files (Serialized files now loaded: 0)
System memory in use before: 117.8 MB.
System memory in use after: 115.8 MB.

Unloading 44 unused Assets to reduce memory usage. Loaded Objects now: 2897.
Total: 4.899700 ms (FindLiveObjects: 0.871200 ms CreateObjectMapping: 0.349200 ms MarkObjects: 2.144700 ms  DeleteObjects: 1.518100 ms)

========================================================================
Received Import Request.
  path: Assets/WorldMaterialsFree/BathroomTiles_StandardShader.mat
  artifactKey: Guid(54161d75d68c76d47ac01572c964f8bc) Importer(815301076,1909f56bfc062723c751e8b465ee728b)
Start importing Assets/WorldMaterialsFree/BathroomTiles_StandardShader.mat using Guid(54161d75d68c76d47ac01572c964f8bc) Importer(815301076,1909f56bfc062723c751e8b465ee728b)  -> (artifact id: 'db2b623e18819ef5ef21e55c98dd61c8') in 0.330914 seconds
  Import took 0.336173 seconds .

========================================================================
Received Import Request.
  Time since last request: 0.000224 seconds.
  path: Assets/WorldMaterialsFree/WaveSand_StandardShader.mat
  artifactKey: Guid(38915b34fb784e641be19e619ced4763) Importer(815301076,1909f56bfc062723c751e8b465ee728b)
Start importing Assets/WorldMaterialsFree/WaveSand_StandardShader.mat using Guid(38915b34fb784e641be19e619ced4763) Importer(815301076,1909f56bfc062723c751e8b465ee728b)  -> (artifact id: '3bf53128cf5269a669f95dddede52cdd') in 0.016217 seconds
  Import took 0.020475 seconds .

========================================================================
Received Import Request.
  Time since last request: 0.000196 seconds.
  path: Assets/WorldMaterialsFree/BasketWeaveBricks_StandardShader.mat
  artifactKey: Guid(9a2c87bc6bc6e5b4aa96c1c4c5224aa3) Importer(815301076,1909f56bfc062723c751e8b465ee728b)
Start importing Assets/WorldMaterialsFree/BasketWeaveBricks_StandardShader.mat using Guid(9a2c87bc6bc6e5b4aa96c1c4c5224aa3) Importer(815301076,1909f56bfc062723c751e8b465ee728b)  -> (artifact id: 'd9b4a5ba68f655fb7db64ff287bef449') in 0.016822 seconds
  Import took 0.020778 seconds .

========================================================================
Received Import Request.
  Time since last request: 0.000182 seconds.
  path: Assets/WorldMaterialsFree/SimpleRedBricks_StandardShader.mat
  artifactKey: Guid(3f070b9b51e38424e9597fbb6f473e87) Importer(815301076,1909f56bfc062723c751e8b465ee728b)
Start importing Assets/WorldMaterialsFree/SimpleRedBricks_StandardShader.mat using Guid(3f070b9b51e38424e9597fbb6f473e87) Importer(815301076,1909f56bfc062723c751e8b465ee728b)  -> (artifact id: '4398dfdb894f9313ce32f7b105b8809a') in 0.028535 seconds
  Import took 0.033241 seconds .

========================================================================
Received Import Request.
  Time since last request: 0.000185 seconds.
  path: Assets/WorldMaterialsFree/CoarseConcrete_StandardShader.mat
  artifactKey: Guid(5e8ed97749e472a4c9123bc956cf671c) Importer(815301076,1909f56bfc062723c751e8b465ee728b)
Start importing Assets/WorldMaterialsFree/CoarseConcrete_StandardShader.mat using Guid(5e8ed97749e472a4c9123bc956cf671c) Importer(815301076,1909f56bfc062723c751e8b465ee728b)  -> (artifact id: 'a0ad2c3f9fb152bd950189fcd5a55450') in 0.013969 seconds
  Import took 0.018317 seconds .

========================================================================
Received Import Request.
  Time since last request: 0.000190 seconds.
  path: Assets/WorldMaterialsFree/WoodenFlooring_StandardShader.mat
  artifactKey: Guid(0c634d43759f96547a2894e2744199f1) Importer(815301076,1909f56bfc062723c751e8b465ee728b)
Start importing Assets/WorldMaterialsFree/WoodenFlooring_StandardShader.mat using Guid(0c634d43759f96547a2894e2744199f1) Importer(815301076,1909f56bfc062723c751e8b465ee728b)  -> (artifact id: 'aaeefab2691461ee72398f438185a028') in 0.014654 seconds
  Import took 0.019609 seconds .

========================================================================
Received Import Request.
  Time since last request: 0.000208 seconds.
  path: Assets/WorldMaterialsFree/GrassGravel_StandardShader.mat
  artifactKey: Guid(64154d5d80792f94f86e62d53e3aea66) Importer(815301076,1909f56bfc062723c751e8b465ee728b)
Start importing Assets/WorldMaterialsFree/GrassGravel_StandardShader.mat using Guid(64154d5d80792f94f86e62d53e3aea66) Importer(815301076,1909f56bfc062723c751e8b465ee728b)  -> (artifact id: '1de1519d16385b072e0804a3f6a39ffb') in 0.044034 seconds
  Import took 0.049487 seconds .

========================================================================
Received Import Request.
  Time since last request: 0.000195 seconds.
  path: Assets/WorldMaterialsFree/DesertSandBrick_StandardShader.mat
  artifactKey: Guid(481d1d21c29b1ed41b50472c451abfda) Importer(815301076,1909f56bfc062723c751e8b465ee728b)
Start importing Assets/WorldMaterialsFree/DesertSandBrick_StandardShader.mat using Guid(481d1d21c29b1ed41b50472c451abfda) Importer(815301076,1909f56bfc062723c751e8b465ee728b)  -> (artifact id: '5745393c693b2e4c7ffddccf994c38e2') in 0.013377 seconds
  Import took 0.017893 seconds .

========================================================================
Received Import Request.
  Time since last request: 0.000186 seconds.
  path: Assets/WorldMaterialsFree/DryRockyDirt_StandardShader.mat
  artifactKey: Guid(06d2d82c741d6b34692010a75df9b1fc) Importer(815301076,1909f56bfc062723c751e8b465ee728b)
Start importing Assets/WorldMaterialsFree/DryRockyDirt_StandardShader.mat using Guid(06d2d82c741d6b34692010a75df9b1fc) Importer(815301076,1909f56bfc062723c751e8b465ee728b)  -> (artifact id: '033e7f61e756e31bb733dbec675d2dee') in 0.012810 seconds
  Import took 0.018679 seconds .

========================================================================
Received Import Request.
  Time since last request: 0.000205 seconds.
  path: Assets/WorldMaterialsFree/AgedDarkWood_StandardShader.mat
  artifactKey: Guid(6e8442dd275001c4f9d167e8d1b8c962) Importer(815301076,1909f56bfc062723c751e8b465ee728b)
Start importing Assets/WorldMaterialsFree/AgedDarkWood_StandardShader.mat using Guid(6e8442dd275001c4f9d167e8d1b8c962) Importer(815301076,1909f56bfc062723c751e8b465ee728b)  -> (artifact id: 'f1ed8e6ea7b7c9fd2b351ff8afc67978') in 0.014098 seconds
  Import took 0.019083 seconds .

========================================================================
Received Import Request.
  Time since last request: 0.000186 seconds.
  path: Assets/WorldMaterialsFree/BrushedIron_StandardShader.mat
  artifactKey: Guid(9af34721d62dd804da5c720b8325b5d3) Importer(815301076,1909f56bfc062723c751e8b465ee728b)
Start importing Assets/WorldMaterialsFree/BrushedIron_StandardShader.mat using Guid(9af34721d62dd804da5c720b8325b5d3) Importer(815301076,1909f56bfc062723c751e8b465ee728b)  -> (artifact id: 'e7f1fba707f85a09d03b52697eb05d9a') in 0.015731 seconds
  Import took 0.020423 seconds .

========================================================================
Received Import Request.
  Time since last request: 0.000186 seconds.
  path: Assets/WorldMaterialsFree/PebbledGravel_StandardShader.mat
  artifactKey: Guid(1d0c0bac13326d14a8fb5fda102ea2f7) Importer(815301076,1909f56bfc062723c751e8b465ee728b)
Start importing Assets/WorldMaterialsFree/PebbledGravel_StandardShader.mat using Guid(1d0c0bac13326d14a8fb5fda102ea2f7) Importer(815301076,1909f56bfc062723c751e8b465ee728b)  -> (artifact id: '59853232afded609bc30aad5a013cc56') in 0.017367 seconds
  Import took 0.021604 seconds .

========================================================================
Received Import Request.
  Time since last request: 0.000182 seconds.
  path: Assets/WorldMaterialsFree/ClumpMud_StandardShader.mat
  artifactKey: Guid(808e6047c73239f46ac7425fc704306c) Importer(815301076,1909f56bfc062723c751e8b465ee728b)
Start importing Assets/WorldMaterialsFree/ClumpMud_StandardShader.mat using Guid(808e6047c73239f46ac7425fc704306c) Importer(815301076,1909f56bfc062723c751e8b465ee728b)  -> (artifact id: '2d0d4af068803a1be6ebd838371fc74f') in 0.014001 seconds
  Import took 0.018187 seconds .

========================================================================
Received Import Request.
  Time since last request: 0.000210 seconds.
  path: Assets/WorldMaterialsFree/PlainWhiteFabric_StandardShader.mat
  artifactKey: Guid(b516a6be52730f64e98b8928895f48b0) Importer(815301076,1909f56bfc062723c751e8b465ee728b)
Start importing Assets/WorldMaterialsFree/PlainWhiteFabric_StandardShader.mat using Guid(b516a6be52730f64e98b8928895f48b0) Importer(815301076,1909f56bfc062723c751e8b465ee728b)  -> (artifact id: '3ef870f7ddefcf9bd61393747a1c6da7') in 0.015313 seconds
  Import took 0.019478 seconds .

========================================================================
Received Import Request.
  Time since last request: 16.083944 seconds.
  path: Assets/Materials/GrassClumps_StandardShader.mat
  artifactKey: Guid(6a3d964ea61cca74aad9cd47ed31878d) Importer(815301076,1909f56bfc062723c751e8b465ee728b)
Start importing Assets/Materials/GrassClumps_StandardShader.mat using Guid(6a3d964ea61cca74aad9cd47ed31878d) Importer(815301076,1909f56bfc062723c751e8b465ee728b)  -> (artifact id: 'fd00889b3aa8403a643cb582a749f374') in 0.063669 seconds
  Import took 0.069172 seconds .

========================================================================
Received Import Request.
  Time since last request: 109.048887 seconds.
  path: Assets/SimpleCumulus/Skyboxes/Gradient/SimpleCumulus_Gradient_04
  artifactKey: Guid(2c755561259e92a47b974fdbf40c763d) Importer(815301076,1909f56bfc062723c751e8b465ee728b)
Start importing Assets/SimpleCumulus/Skyboxes/Gradient/SimpleCumulus_Gradient_04 using Guid(2c755561259e92a47b974fdbf40c763d) Importer(815301076,1909f56bfc062723c751e8b465ee728b)  -> (artifact id: 'f7dd812c3adfc3129801372282b91387') in 0.008846 seconds
  Import took 0.013745 seconds .

========================================================================
Received Import Request.
  Time since last request: 0.089031 seconds.
  path: Assets/SimpleCumulus/Skyboxes/Gradient/SimpleCumulus_Gradient_04/SimpleCumulus_Gradient_04.mat
  artifactKey: Guid(24c5d5aed6fb04645a8a99894ef1beae) Importer(815301076,1909f56bfc062723c751e8b465ee728b)
Start importing Assets/SimpleCumulus/Skyboxes/Gradient/SimpleCumulus_Gradient_04/SimpleCumulus_Gradient_04.mat using Guid(24c5d5aed6fb04645a8a99894ef1beae) Importer(815301076,1909f56bfc062723c751e8b465ee728b)  -> (artifact id: '7dae0f2ce44e0e24eb197b7b2d200fec') in 0.373124 seconds
  Import took 0.384361 seconds .

========================================================================
Received Import Request.
  Time since last request: 55.173356 seconds.
  path: Assets/SimpleCumulus/Skyboxes/PlainColor/Orange
  artifactKey: Guid(f44572131db426b4aaa66ff8b77daac3) Importer(815301076,1909f56bfc062723c751e8b465ee728b)
Start importing Assets/SimpleCumulus/Skyboxes/PlainColor/Orange using Guid(f44572131db426b4aaa66ff8b77daac3) Importer(815301076,1909f56bfc062723c751e8b465ee728b)  -> (artifact id: '31a01d5f98da101477d10f004e8e5281') in 0.007882 seconds
  Import took 0.012300 seconds .

========================================================================
Received Import Request.
  Time since last request: 4.711675 seconds.
  path: Assets/SimpleCumulus/Skyboxes/PlainColor/Purple
  artifactKey: Guid(cd903fd59eefd8a48ab316b004560e37) Importer(815301076,1909f56bfc062723c751e8b465ee728b)
Start importing Assets/SimpleCumulus/Skyboxes/PlainColor/Purple using Guid(cd903fd59eefd8a48ab316b004560e37) Importer(815301076,1909f56bfc062723c751e8b465ee728b)  -> (artifact id: 'ae1f554ced2ec8b5d8e9731f5414d038') in 0.008465 seconds
  Import took 0.013128 seconds .

========================================================================
Received Import Request.
  Time since last request: 6.859158 seconds.
  path: Assets/SimpleCumulus/Skyboxes/PlainColor/Blue/SimpleCumulus_Blue_06
  artifactKey: Guid(b5378b38370c4c74f98c4564a95dd701) Importer(815301076,1909f56bfc062723c751e8b465ee728b)
Start importing Assets/SimpleCumulus/Skyboxes/PlainColor/Blue/SimpleCumulus_Blue_06 using Guid(b5378b38370c4c74f98c4564a95dd701) Importer(815301076,1909f56bfc062723c751e8b465ee728b)  -> (artifact id: '4a4f2f3498ec82cf8fe540470763571a') in 0.008356 seconds
  Import took 0.013388 seconds .

========================================================================
Received Import Request.
  Time since last request: 0.078447 seconds.
  path: Assets/SimpleCumulus/Skyboxes/PlainColor/Blue/SimpleCumulus_Blue_06/SimpleCumulus_Blue_06.mat
  artifactKey: Guid(b7cbdd47460dd2147b5d8204587cc639) Importer(815301076,1909f56bfc062723c751e8b465ee728b)
Start importing Assets/SimpleCumulus/Skyboxes/PlainColor/Blue/SimpleCumulus_Blue_06/SimpleCumulus_Blue_06.mat using Guid(b7cbdd47460dd2147b5d8204587cc639) Importer(815301076,1909f56bfc062723c751e8b465ee728b)  -> (artifact id: 'e7c0b68ce87b3c4ee1dab49f3efdec8f') in 0.280054 seconds
  Import took 0.290659 seconds .

========================================================================
Received Import Request.
  Time since last request: 6.636421 seconds.
  path: Assets/SimpleCumulus/Skyboxes/PlainColor/Blue/SimpleCumulus_Blue_05
  artifactKey: Guid(6a607ef6becb0744ab52a7ff38d47ff5) Importer(815301076,1909f56bfc062723c751e8b465ee728b)
Start importing Assets/SimpleCumulus/Skyboxes/PlainColor/Blue/SimpleCumulus_Blue_05 using Guid(6a607ef6becb0744ab52a7ff38d47ff5) Importer(815301076,1909f56bfc062723c751e8b465ee728b)  -> (artifact id: '5991880251609541eba178162e1d2e4b') in 0.009688 seconds
  Import took 0.013801 seconds .

========================================================================
Received Import Request.
  Time since last request: 0.041450 seconds.
  path: Assets/SimpleCumulus/Skyboxes/PlainColor/Blue/SimpleCumulus_Blue_05/SimpleCumulus_Blue_05.mat
  artifactKey: Guid(216fad10b441e8549873e05938e7a295) Importer(815301076,1909f56bfc062723c751e8b465ee728b)
Start importing Assets/SimpleCumulus/Skyboxes/PlainColor/Blue/SimpleCumulus_Blue_05/SimpleCumulus_Blue_05.mat using Guid(216fad10b441e8549873e05938e7a295) Importer(815301076,1909f56bfc062723c751e8b465ee728b)  -> (artifact id: '995b372c6be96c5888ab8421ffc6b778') in 0.238519 seconds
  Import took 0.249658 seconds .

========================================================================
Received Import Request.
  Time since last request: 7.224914 seconds.
  path: Assets/SimpleCumulus/Skyboxes/PlainColor/Blue/SimpleCumulus_Blue_04
  artifactKey: Guid(66782efddffbed44dbd45b51778e16f0) Importer(815301076,1909f56bfc062723c751e8b465ee728b)
Start importing Assets/SimpleCumulus/Skyboxes/PlainColor/Blue/SimpleCumulus_Blue_04 using Guid(66782efddffbed44dbd45b51778e16f0) Importer(815301076,1909f56bfc062723c751e8b465ee728b)  -> (artifact id: '430986142e5a32d7af763cc7660d7c4c') in 0.008398 seconds
  Import took 0.012622 seconds .

========================================================================
Received Import Request.
  Time since last request: 0.204241 seconds.
  path: Assets/SimpleCumulus/Skyboxes/PlainColor/Blue/SimpleCumulus_Blue_04/SimpleCumulus_Blue_04.mat
  artifactKey: Guid(59b8043f54a675941ae9d6d3a01bb9de) Importer(815301076,1909f56bfc062723c751e8b465ee728b)
Start importing Assets/SimpleCumulus/Skyboxes/PlainColor/Blue/SimpleCumulus_Blue_04/SimpleCumulus_Blue_04.mat using Guid(59b8043f54a675941ae9d6d3a01bb9de) Importer(815301076,1909f56bfc062723c751e8b465ee728b)  -> (artifact id: 'b2f5221582e220f9596166c0a478da56') in 0.253490 seconds
  Import took 0.264903 seconds .

========================================================================
Received Import Request.
  Time since last request: 15.876546 seconds.
  path: Assets/Flames Of The Phoenix/Fire/Complex/Frost
  artifactKey: Guid(7f0d8a8cabe0c8340983309e1338dee1) Importer(815301076,1909f56bfc062723c751e8b465ee728b)
Start importing Assets/Flames Of The Phoenix/Fire/Complex/Frost using Guid(7f0d8a8cabe0c8340983309e1338dee1) Importer(815301076,1909f56bfc062723c751e8b465ee728b)  -> (artifact id: 'a9eb695a8f7ee52cd7953b50a87ff4f8') in 0.007879 seconds
  Import took 0.012991 seconds .

========================================================================
Received Import Request.
  Time since last request: 0.077815 seconds.
  path: Assets/Flames Of The Phoenix/Fire/Complex/Frost/Fire_Complex_Frost_BigFire.prefab
  artifactKey: Guid(3fc60b7cf7878a24cbd429afff220aa6) Importer(815301076,1909f56bfc062723c751e8b465ee728b)
Start importing Assets/Flames Of The Phoenix/Fire/Complex/Frost/Fire_Complex_Frost_BigFire.prefab using Guid(3fc60b7cf7878a24cbd429afff220aa6) Importer(815301076,1909f56bfc062723c751e8b465ee728b)  -> (artifact id: '530af37a43d3c606f81ef44b4582e372') in 0.023640 seconds
  Import took 0.028501 seconds .

========================================================================
Received Import Request.
  Time since last request: 0.000232 seconds.
  path: Assets/Flames Of The Phoenix/Fire/Complex/Frost/Fire_Complex_Frost_Horizontal.prefab
  artifactKey: Guid(930214d9daabb5c48bae128de8048b65) Importer(815301076,1909f56bfc062723c751e8b465ee728b)
Start importing Assets/Flames Of The Phoenix/Fire/Complex/Frost/Fire_Complex_Frost_Horizontal.prefab using Guid(930214d9daabb5c48bae128de8048b65) Importer(815301076,1909f56bfc062723c751e8b465ee728b)  -> (artifact id: '6f82e9575f4ee8a72a9968bf21c612da') in 0.014427 seconds
  Import took 0.020042 seconds .

========================================================================
Received Import Request.
  Time since last request: 0.000296 seconds.
  path: Assets/Flames Of The Phoenix/Fire/Complex/Frost/Fire_Complex_Frost_Side.prefab
  artifactKey: Guid(513579107a3592141b9b476c86374f19) Importer(815301076,1909f56bfc062723c751e8b465ee728b)
Start importing Assets/Flames Of The Phoenix/Fire/Complex/Frost/Fire_Complex_Frost_Side.prefab using Guid(513579107a3592141b9b476c86374f19) Importer(815301076,1909f56bfc062723c751e8b465ee728b)  -> (artifact id: '317898dc324e0a85bbe6d4a4df7e660a') in 0.013433 seconds
  Import took 0.017891 seconds .

========================================================================
Received Import Request.
  Time since last request: 0.000230 seconds.
  path: Assets/Flames Of The Phoenix/Fire/Complex/Frost/Fire_Complex_Frost_FireBall.prefab
  artifactKey: Guid(81aacf9e1fe270f4e94ad815dc75c479) Importer(815301076,1909f56bfc062723c751e8b465ee728b)
Start importing Assets/Flames Of The Phoenix/Fire/Complex/Frost/Fire_Complex_Frost_FireBall.prefab using Guid(81aacf9e1fe270f4e94ad815dc75c479) Importer(815301076,1909f56bfc062723c751e8b465ee728b)  -> (artifact id: '56ec7572cdbc629ced442f605db1627a') in 0.011327 seconds
  Import took 0.015973 seconds .

========================================================================
Received Import Request.
  Time since last request: 0.000261 seconds.
  path: Assets/Flames Of The Phoenix/Fire/Complex/Frost/Fire_Complex_Frost_CampFire.prefab
  artifactKey: Guid(3fc62519eabd9ad4e8677140decb272c) Importer(815301076,1909f56bfc062723c751e8b465ee728b)
Start importing Assets/Flames Of The Phoenix/Fire/Complex/Frost/Fire_Complex_Frost_CampFire.prefab using Guid(3fc62519eabd9ad4e8677140decb272c) Importer(815301076,1909f56bfc062723c751e8b465ee728b)  -> (artifact id: '54ca71b60a3445b93987e23d63374fee') in 0.011510 seconds
  Import took 0.016012 seconds .

========================================================================
Received Import Request.
  Time since last request: 0.000247 seconds.
  path: Assets/Flames Of The Phoenix/Fire/Complex/Frost/Fire_Complex_Frost_FireWall.prefab
  artifactKey: Guid(23a07003c4dc8c041b9cdfc6eac65d73) Importer(815301076,1909f56bfc062723c751e8b465ee728b)
Start importing Assets/Flames Of The Phoenix/Fire/Complex/Frost/Fire_Complex_Frost_FireWall.prefab using Guid(23a07003c4dc8c041b9cdfc6eac65d73) Importer(815301076,1909f56bfc062723c751e8b465ee728b)  -> (artifact id: '8d6158c32fa9b7f0309192b787324b55') in 0.011476 seconds
  Import took 0.016041 seconds .

========================================================================
Received Import Request.
  Time since last request: 7.544554 seconds.
  path: Assets/Flames Of The Phoenix/Smoke/Simple
  artifactKey: Guid(829277888224b0e4c9b1a100d7f190d4) Importer(815301076,1909f56bfc062723c751e8b465ee728b)
Start importing Assets/Flames Of The Phoenix/Smoke/Simple using Guid(829277888224b0e4c9b1a100d7f190d4) Importer(815301076,1909f56bfc062723c751e8b465ee728b)  -> (artifact id: '3043780d190f051c961dc4452fc49315') in 0.007457 seconds
  Import took 0.012268 seconds .

========================================================================
Received Import Request.
  Time since last request: 0.072669 seconds.
  path: Assets/Flames Of The Phoenix/Smoke/Simple/Smoke_CampFire.prefab
  artifactKey: Guid(95aef16159e792c468e8abada8249a59) Importer(815301076,1909f56bfc062723c751e8b465ee728b)
Start importing Assets/Flames Of The Phoenix/Smoke/Simple/Smoke_CampFire.prefab using Guid(95aef16159e792c468e8abada8249a59) Importer(815301076,1909f56bfc062723c751e8b465ee728b)  -> (artifact id: '6025fc54c8bc79be10d1e9a97e68aee2') in 0.011763 seconds
  Import took 0.016502 seconds .

========================================================================
Received Import Request.
  Time since last request: 0.000243 seconds.
  path: Assets/Flames Of The Phoenix/Smoke/Simple/Smoke_Large.prefab
  artifactKey: Guid(7ac915491188b0a42b4dde17fbba04a9) Importer(815301076,1909f56bfc062723c751e8b465ee728b)
Start importing Assets/Flames Of The Phoenix/Smoke/Simple/Smoke_Large.prefab using Guid(7ac915491188b0a42b4dde17fbba04a9) Importer(815301076,1909f56bfc062723c751e8b465ee728b)  -> (artifact id: '5a08ff1dc07a1c76efa1dd0dcd029692') in 0.009498 seconds
  Import took 0.013947 seconds .

========================================================================
Received Import Request.
  Time since last request: 0.000260 seconds.
  path: Assets/Flames Of The Phoenix/Smoke/Simple/Smoke_Medium.prefab
  artifactKey: Guid(3986b6404cfadea429a325c86153e260) Importer(815301076,1909f56bfc062723c751e8b465ee728b)
Start importing Assets/Flames Of The Phoenix/Smoke/Simple/Smoke_Medium.prefab using Guid(3986b6404cfadea429a325c86153e260) Importer(815301076,1909f56bfc062723c751e8b465ee728b)  -> (artifact id: 'fcbbb84aa926f171de6dec7e37a888dc') in 0.009483 seconds
  Import took 0.013617 seconds .

========================================================================
Received Import Request.
  Time since last request: 0.000232 seconds.
  path: Assets/Flames Of The Phoenix/Smoke/Simple/Smoke_Tiny.prefab
  artifactKey: Guid(df3972d66e85ec34fbda94416feccd33) Importer(815301076,1909f56bfc062723c751e8b465ee728b)
Start importing Assets/Flames Of The Phoenix/Smoke/Simple/Smoke_Tiny.prefab using Guid(df3972d66e85ec34fbda94416feccd33) Importer(815301076,1909f56bfc062723c751e8b465ee728b)  -> (artifact id: 'd76b8069a3fc8c64399e11d3d206d65d') in 0.012450 seconds
  Import took 0.016852 seconds .

========================================================================
Received Import Request.
  Time since last request: 0.000245 seconds.
  path: Assets/Flames Of The Phoenix/Smoke/Simple/Smoke_Thick_Ground.prefab
  artifactKey: Guid(d6cbeb13c773d154995ea9a66246a5c0) Importer(815301076,1909f56bfc062723c751e8b465ee728b)
Start importing Assets/Flames Of The Phoenix/Smoke/Simple/Smoke_Thick_Ground.prefab using Guid(d6cbeb13c773d154995ea9a66246a5c0) Importer(815301076,1909f56bfc062723c751e8b465ee728b)  -> (artifact id: '715d9982ad5203c993d51d680fe6134d') in 0.009551 seconds
  Import took 0.013612 seconds .

========================================================================
Received Import Request.
  Time since last request: 0.000286 seconds.
  path: Assets/Flames Of The Phoenix/Smoke/Simple/Smoke_Chimny.prefab
  artifactKey: Guid(ffabcbd94ba48544eb29372933c0c78f) Importer(815301076,1909f56bfc062723c751e8b465ee728b)
Start importing Assets/Flames Of The Phoenix/Smoke/Simple/Smoke_Chimny.prefab using Guid(ffabcbd94ba48544eb29372933c0c78f) Importer(815301076,1909f56bfc062723c751e8b465ee728b)  -> (artifact id: 'f7bf465f9c018b368b8364a9b5fae948') in 0.009366 seconds
  Import took 0.013154 seconds .

========================================================================
Received Import Request.
  Time since last request: 0.000319 seconds.
  path: Assets/Flames Of The Phoenix/Smoke/Simple/Smoke_Small.prefab
  artifactKey: Guid(9e1ee6f41e17f704db3e1282cd1db0ec) Importer(815301076,1909f56bfc062723c751e8b465ee728b)
Start importing Assets/Flames Of The Phoenix/Smoke/Simple/Smoke_Small.prefab using Guid(9e1ee6f41e17f704db3e1282cd1db0ec) Importer(815301076,1909f56bfc062723c751e8b465ee728b)  -> (artifact id: '53c35cb26c58f366e4e5f0d5752a412a') in 0.011198 seconds
  Import took 0.016814 seconds .

========================================================================
Received Import Request.
  Time since last request: 1.055881 seconds.
  path: Assets/Flames Of The Phoenix/Smoke/Simple/Smoke_CampFire.prefab
  artifactKey: Guid(95aef16159e792c468e8abada8249a59) Importer(815301076,1909f56bfc062723c751e8b465ee728b)
Start importing Assets/Flames Of The Phoenix/Smoke/Simple/Smoke_CampFire.prefab using Guid(95aef16159e792c468e8abada8249a59) Importer(815301076,1909f56bfc062723c751e8b465ee728b)  -> (artifact id: '1831d101880296f6ecc6d9fc9e0d07a4') in 0.004880 seconds
  Import took 0.010589 seconds .

========================================================================
Received Import Request.
  Time since last request: 75.805549 seconds.
  path: Assets/Stylize Water Texture/Materials/Stylize_Lava.mat
  artifactKey: Guid(9418a5fcbafe84543998bd7c831a9ee1) Importer(815301076,1909f56bfc062723c751e8b465ee728b)
Start importing Assets/Stylize Water Texture/Materials/Stylize_Lava.mat using Guid(9418a5fcbafe84543998bd7c831a9ee1) Importer(815301076,1909f56bfc062723c751e8b465ee728b)  -> (artifact id: '146b940de7566af0d7f02b5f66e53bea') in 0.029982 seconds
  Import took 0.035875 seconds .

========================================================================
Received Import Request.
  Time since last request: 0.000198 seconds.
  path: Assets/Stylize Water Texture/Materials/Stylize_Lava_diffuse.mat
  artifactKey: Guid(3b3ab2ec86ef45c48b01abe26983a811) Importer(815301076,1909f56bfc062723c751e8b465ee728b)
Start importing Assets/Stylize Water Texture/Materials/Stylize_Lava_diffuse.mat using Guid(3b3ab2ec86ef45c48b01abe26983a811) Importer(815301076,1909f56bfc062723c751e8b465ee728b)  -> (artifact id: 'bce92a7032e3e46d76a15d80c375758e') in 0.017194 seconds
  Import took 0.023635 seconds .

========================================================================
Received Import Request.
  Time since last request: 14.145395 seconds.
  path: Assets/Flames Of The Phoenix/Smoke/Simple/Smoke_Chimny.prefab
  artifactKey: Guid(ffabcbd94ba48544eb29372933c0c78f) Importer(815301076,1909f56bfc062723c751e8b465ee728b)
Start importing Assets/Flames Of The Phoenix/Smoke/Simple/Smoke_Chimny.prefab using Guid(ffabcbd94ba48544eb29372933c0c78f) Importer(815301076,1909f56bfc062723c751e8b465ee728b)  -> (artifact id: '1c595b1bd80d1a8e2ccf5b0e23ce8e8f') in 0.005353 seconds
  Import took 0.010984 seconds .

========================================================================
Received Import Request.
  Time since last request: 3.780894 seconds.
  path: Assets/Flames Of The Phoenix/Smoke/Simple/Smoke_Large.prefab
  artifactKey: Guid(7ac915491188b0a42b4dde17fbba04a9) Importer(815301076,1909f56bfc062723c751e8b465ee728b)
Start importing Assets/Flames Of The Phoenix/Smoke/Simple/Smoke_Large.prefab using Guid(7ac915491188b0a42b4dde17fbba04a9) Importer(815301076,1909f56bfc062723c751e8b465ee728b)  -> (artifact id: '0f7aacd9b510b343baaf7f1e3c3df048') in 0.009137 seconds
  Import took 0.014561 seconds .

========================================================================
Received Import Request.
  Time since last request: 1.733303 seconds.
  path: Assets/Flames Of The Phoenix/Smoke/Simple/Smoke_Medium.prefab
  artifactKey: Guid(3986b6404cfadea429a325c86153e260) Importer(815301076,1909f56bfc062723c751e8b465ee728b)
Start importing Assets/Flames Of The Phoenix/Smoke/Simple/Smoke_Medium.prefab using Guid(3986b6404cfadea429a325c86153e260) Importer(815301076,1909f56bfc062723c751e8b465ee728b)  -> (artifact id: 'de34f4587bb6d9054622d120ddc4b4f9') in 0.004824 seconds
  Import took 0.009428 seconds .

========================================================================
Received Import Request.
  Time since last request: 2.733870 seconds.
  path: Assets/Flames Of The Phoenix/Smoke/Simple/Smoke_Small.prefab
  artifactKey: Guid(9e1ee6f41e17f704db3e1282cd1db0ec) Importer(815301076,1909f56bfc062723c751e8b465ee728b)
Start importing Assets/Flames Of The Phoenix/Smoke/Simple/Smoke_Small.prefab using Guid(9e1ee6f41e17f704db3e1282cd1db0ec) Importer(815301076,1909f56bfc062723c751e8b465ee728b)  -> (artifact id: 'fee9fc64f7f980ab6269cb1a1de920b0') in 0.005081 seconds
  Import took 0.010464 seconds .

========================================================================
Received Import Request.
  Time since last request: 2.281842 seconds.
  path: Assets/Flames Of The Phoenix/Smoke/Simple/Smoke_Thick_Ground.prefab
  artifactKey: Guid(d6cbeb13c773d154995ea9a66246a5c0) Importer(815301076,1909f56bfc062723c751e8b465ee728b)
Start importing Assets/Flames Of The Phoenix/Smoke/Simple/Smoke_Thick_Ground.prefab using Guid(d6cbeb13c773d154995ea9a66246a5c0) Importer(815301076,1909f56bfc062723c751e8b465ee728b)  -> (artifact id: '4094914b2e715c46b439b66518032e49') in 0.009294 seconds
  Import took 0.014383 seconds .

========================================================================
Received Import Request.
  Time since last request: 1.486018 seconds.
  path: Assets/Flames Of The Phoenix/Smoke/Simple/Smoke_Tiny.prefab
  artifactKey: Guid(df3972d66e85ec34fbda94416feccd33) Importer(815301076,1909f56bfc062723c751e8b465ee728b)
Start importing Assets/Flames Of The Phoenix/Smoke/Simple/Smoke_Tiny.prefab using Guid(df3972d66e85ec34fbda94416feccd33) Importer(815301076,1909f56bfc062723c751e8b465ee728b)  -> (artifact id: 'dd1bbf5dfff3140af371e6999353198f') in 0.005177 seconds
  Import took 0.009846 seconds .

========================================================================
Received Prepare
Registering precompiled user dll's ...
Registered in 0.001543 seconds.
Begin MonoManager ReloadAssembly
Native extension for WindowsStandalone target not found
Refreshing native plugins compatible for Editor in 0.58 ms, found 0 plugins.
Preloading 0 native plugins for Editor in 0.00 ms.
Invoked RoslynAnalysisRunner static constructor.
RoslynAnalysisRunner will not be running.
RoslynAnalysisRunner has terminated.
Mono: successfully reloaded assembly
- Completed reload, in  0.984 seconds
Platform modules already initialized, skipping
Shader 'Universal Render Pipeline/Particles/Lit': fallback shader 'Universal Render Pipeline/Particles/SimpleLit' not found
Shader 'Universal Render Pipeline/Particles/Lit': fallback shader 'Universal Render Pipeline/Particles/SimpleLit' not found
Refreshing native plugins compatible for Editor in 0.47 ms, found 0 plugins.
Preloading 0 native plugins for Editor in 0.00 ms.
Unloading 2399 Unused Serialized files (Serialized files now loaded: 0)
System memory in use before: 120.0 MB.
System memory in use after: 118.0 MB.

Unloading 39 unused Assets to reduce memory usage. Loaded Objects now: 2979.
Total: 3.756600 ms (FindLiveObjects: 0.287500 ms CreateObjectMapping: 0.170900 ms MarkObjects: 2.046700 ms  DeleteObjects: 1.250100 ms)

========================================================================
Received Import Request.
  Time since last request: 186.000265 seconds.
  path: Assets/Scripts/PlayerManager.cs
  artifactKey: Guid(75311421a4ba3534195fcc41324aab8f) Importer(815301076,1909f56bfc062723c751e8b465ee728b)
Start importing Assets/Scripts/PlayerManager.cs using Guid(75311421a4ba3534195fcc41324aab8f) Importer(815301076,1909f56bfc062723c751e8b465ee728b)  -> (artifact id: '07fce87ec06fdf8f8f920b552918df48') in 0.014527 seconds
  Import took 0.019108 seconds .

========================================================================
Received Import Request.
  Time since last request: 1.762376 seconds.
  path: Assets/Scripts/PlayerManager.cs
  artifactKey: Guid(75311421a4ba3534195fcc41324aab8f) Importer(815301076,1909f56bfc062723c751e8b465ee728b)
Start importing Assets/Scripts/PlayerManager.cs using Guid(75311421a4ba3534195fcc41324aab8f) Importer(815301076,1909f56bfc062723c751e8b465ee728b)  -> (artifact id: '07fce87ec06fdf8f8f920b552918df48') in 0.003220 seconds
  Import took 0.007264 seconds .

========================================================================
Received Prepare
Registering precompiled user dll's ...
Registered in 0.001763 seconds.
Begin MonoManager ReloadAssembly
Native extension for WindowsStandalone target not found
Refreshing native plugins compatible for Editor in 0.52 ms, found 0 plugins.
Preloading 0 native plugins for Editor in 0.00 ms.
Invoked RoslynAnalysisRunner static constructor.
RoslynAnalysisRunner will not be running.
RoslynAnalysisRunner has terminated.
Mono: successfully reloaded assembly
- Completed reload, in  0.937 seconds
Platform modules already initialized, skipping
Shader 'Universal Render Pipeline/Particles/Lit': fallback shader 'Universal Render Pipeline/Particles/SimpleLit' not found
Shader 'Universal Render Pipeline/Particles/Lit': fallback shader 'Universal Render Pipeline/Particles/SimpleLit' not found
Refreshing native plugins compatible for Editor in 0.55 ms, found 0 plugins.
Preloading 0 native plugins for Editor in 0.00 ms.
Unloading 2399 Unused Serialized files (Serialized files now loaded: 0)
System memory in use before: 120.1 MB.
System memory in use after: 118.0 MB.

Unloading 39 unused Assets to reduce memory usage. Loaded Objects now: 2982.
Total: 3.490000 ms (FindLiveObjects: 0.289700 ms CreateObjectMapping: 0.119700 ms MarkObjects: 1.786900 ms  DeleteObjects: 1.292100 ms)

========================================================================
Received Import Request.
  Time since last request: 524.456540 seconds.
  path: Assets/SimpleCumulus/Demo/Materials/GroundTexture.mat
  artifactKey: Guid(6e3f986af96b0864f9b448013dd16ddf) Importer(815301076,1909f56bfc062723c751e8b465ee728b)
Start importing Assets/SimpleCumulus/Demo/Materials/GroundTexture.mat using Guid(6e3f986af96b0864f9b448013dd16ddf) Importer(815301076,1909f56bfc062723c751e8b465ee728b)  -> (artifact id: '8572c30082e70f7ddc13819b20c3eca6') in 0.224710 seconds
  Import took 0.229689 seconds .

========================================================================
Received Import Request.
  Time since last request: 0.000195 seconds.
  path: Assets/SimpleCumulus/Skyboxes/PlainColor/Blue/SimpleCumulus_Blue_02/SimpleCumulus_Blue_02.mat
  artifactKey: Guid(36fb054fe8607ea4e80cc945c01900a8) Importer(815301076,1909f56bfc062723c751e8b465ee728b)
Start importing Assets/SimpleCumulus/Skyboxes/PlainColor/Blue/SimpleCumulus_Blue_02/SimpleCumulus_Blue_02.mat using Guid(36fb054fe8607ea4e80cc945c01900a8) Importer(815301076,1909f56bfc062723c751e8b465ee728b)  -> (artifact id: 'e8039a5ed8b2cb39a41e9e0e90e6f627') in 0.371679 seconds
  Import took 0.381879 seconds .

========================================================================
Received Import Request.
  Time since last request: 0.000194 seconds.
  path: Assets/SimpleCumulus/Demo/Materials/GroundTexture.mat
  artifactKey: Guid(6e3f986af96b0864f9b448013dd16ddf) Importer(815301076,1909f56bfc062723c751e8b465ee728b)
Start importing Assets/SimpleCumulus/Demo/Materials/GroundTexture.mat using Guid(6e3f986af96b0864f9b448013dd16ddf) Importer(815301076,1909f56bfc062723c751e8b465ee728b)  -> (artifact id: '8572c30082e70f7ddc13819b20c3eca6') in 0.016667 seconds
  Import took 0.021128 seconds .

========================================================================
Received Import Request.
  Time since last request: 0.000289 seconds.
  path: Assets/SimpleCumulus/Skyboxes/PlainColor/Blue/SimpleCumulus_Blue_02/SimpleCumulus_Blue_02.mat
  artifactKey: Guid(36fb054fe8607ea4e80cc945c01900a8) Importer(815301076,1909f56bfc062723c751e8b465ee728b)
Start importing Assets/SimpleCumulus/Skyboxes/PlainColor/Blue/SimpleCumulus_Blue_02/SimpleCumulus_Blue_02.mat using Guid(36fb054fe8607ea4e80cc945c01900a8) Importer(815301076,1909f56bfc062723c751e8b465ee728b)  -> (artifact id: 'e8039a5ed8b2cb39a41e9e0e90e6f627') in 0.168331 seconds
  Import took 0.177512 seconds .

========================================================================
Received Import Request.
  Time since last request: 2.766685 seconds.
  path: Assets/SimpleCumulus/Skyboxes/PlainColor/Blue/SimpleCumulus_Blue_03/SimpleCumulus_Blue_03.mat
  artifactKey: Guid(665181ce136808e40ad024e9a8fbb118) Importer(815301076,1909f56bfc062723c751e8b465ee728b)
Start importing Assets/SimpleCumulus/Skyboxes/PlainColor/Blue/SimpleCumulus_Blue_03/SimpleCumulus_Blue_03.mat using Guid(665181ce136808e40ad024e9a8fbb118) Importer(815301076,1909f56bfc062723c751e8b465ee728b)  -> (artifact id: '2649b49bbd516f89a8fce8d2a424817d') in 0.250209 seconds
  Import took 0.260220 seconds .

========================================================================
Received Import Request.
  Time since last request: 506.496676 seconds.
  path: Assets/Kalam-Regular.ttf
  artifactKey: Guid(887275b58e0578242b777d2783e0e34a) Importer(815301076,1909f56bfc062723c751e8b465ee728b)
Start importing Assets/Kalam-Regular.ttf using Guid(887275b58e0578242b777d2783e0e34a) Importer(815301076,1909f56bfc062723c751e8b465ee728b)  -> (artifact id: '0bbf9c802559b72e976ef3a845f11ba1') in 0.040106 seconds
  Import took 0.045664 seconds .

========================================================================
Received Import Request.
  Time since last request: 17.146408 seconds.
  path: Assets/Font
  artifactKey: Guid(6a58a25f35d80664ebbbb29233142811) Importer(815301076,1909f56bfc062723c751e8b465ee728b)
Start importing Assets/Font using Guid(6a58a25f35d80664ebbbb29233142811) Importer(815301076,1909f56bfc062723c751e8b465ee728b)  -> (artifact id: '31fc9201eb6585182065b18970ab3d2b') in 0.009548 seconds
  Import took 0.013733 seconds .

========================================================================
Received Import Request.
  Time since last request: 426.912264 seconds.
  path: Assets/Scenes/Game/Game.unity
  artifactKey: Guid(d1c3109bdb54ad54c8a2b2838528e640) Importer(815301076,1909f56bfc062723c751e8b465ee728b)
Start importing Assets/Scenes/Game/Game.unity using Guid(d1c3109bdb54ad54c8a2b2838528e640) Importer(815301076,1909f56bfc062723c751e8b465ee728b)  -> (artifact id: 'dcce8ce81349a708ec689031e0aff637') in 0.005967 seconds
  Import took 0.010738 seconds .

========================================================================
Received Prepare
Registering precompiled user dll's ...
Registered in 0.001688 seconds.
Begin MonoManager ReloadAssembly
Native extension for WindowsStandalone target not found
Refreshing native plugins compatible for Editor in 0.46 ms, found 0 plugins.
Preloading 0 native plugins for Editor in 0.00 ms.
Invoked RoslynAnalysisRunner static constructor.
RoslynAnalysisRunner will not be running.
RoslynAnalysisRunner has terminated.
Mono: successfully reloaded assembly
- Completed reload, in  0.959 seconds
Platform modules already initialized, skipping
Shader 'Universal Render Pipeline/Particles/Lit': fallback shader 'Universal Render Pipeline/Particles/SimpleLit' not found
Shader 'Universal Render Pipeline/Particles/Lit': fallback shader 'Universal Render Pipeline/Particles/SimpleLit' not found
Refreshing native plugins compatible for Editor in 0.48 ms, found 0 plugins.
Preloading 0 native plugins for Editor in 0.00 ms.
Unloading 2399 Unused Serialized files (Serialized files now loaded: 0)
System memory in use before: 120.5 MB.
System memory in use after: 118.5 MB.

Unloading 39 unused Assets to reduce memory usage. Loaded Objects now: 3025.
Total: 3.536600 ms (FindLiveObjects: 0.267700 ms CreateObjectMapping: 0.115100 ms MarkObjects: 1.825700 ms  DeleteObjects: 1.327100 ms)

========================================================================
Received Import Request.
  Time since last request: 660.876871 seconds.
  path: Assets/Music
  artifactKey: Guid(6b5e41fe6f245944b9bcbe4bdc37ae7e) Importer(815301076,1909f56bfc062723c751e8b465ee728b)
Start importing Assets/Music using Guid(6b5e41fe6f245944b9bcbe4bdc37ae7e) Importer(815301076,1909f56bfc062723c751e8b465ee728b)  -> (artifact id: '5373116a97b787eafd552b6c3f55709b') in 0.012655 seconds
  Import took 0.017582 seconds .

========================================================================
Received Import Request.
  Time since last request: 5.855654 seconds.
  path: Assets/Music/3. Music Minds.mp3
  artifactKey: Guid(ba74d5504178a084799da53123ef656a) Importer(815301076,1909f56bfc062723c751e8b465ee728b)
Start importing Assets/Music/3. Music Minds.mp3 using Guid(ba74d5504178a084799da53123ef656a) Importer(815301076,1909f56bfc062723c751e8b465ee728b)  -> (artifact id: '638d4387b0f7cd78c2b52b8486a6dff8') in 0.109436 seconds
  Import took 0.113852 seconds .

========================================================================
Received Import Request.
  Time since last request: 90.944606 seconds.
  path: Assets/Scripts/AudioManager.cs
  artifactKey: Guid(6f4b04b682a17cc4a98bb71683640524) Importer(815301076,1909f56bfc062723c751e8b465ee728b)
Start importing Assets/Scripts/AudioManager.cs using Guid(6f4b04b682a17cc4a98bb71683640524) Importer(815301076,1909f56bfc062723c751e8b465ee728b)  -> (artifact id: '81f39426dfcfca731c5806bfe0e4a36e') in 0.012881 seconds
  Import took 0.018236 seconds .

========================================================================
Received Prepare
Registering precompiled user dll's ...
Registered in 0.002453 seconds.
Begin MonoManager ReloadAssembly
Native extension for WindowsStandalone target not found
Refreshing native plugins compatible for Editor in 0.48 ms, found 0 plugins.
Preloading 0 native plugins for Editor in 0.00 ms.
Invoked RoslynAnalysisRunner static constructor.
RoslynAnalysisRunner will not be running.
RoslynAnalysisRunner has terminated.
Mono: successfully reloaded assembly
- Completed reload, in  0.956 seconds
Platform modules already initialized, skipping
Shader 'Universal Render Pipeline/Particles/Lit': fallback shader 'Universal Render Pipeline/Particles/SimpleLit' not found
Shader 'Universal Render Pipeline/Particles/Lit': fallback shader 'Universal Render Pipeline/Particles/SimpleLit' not found
Refreshing native plugins compatible for Editor in 0.69 ms, found 0 plugins.
Preloading 0 native plugins for Editor in 0.00 ms.
Unloading 2400 Unused Serialized files (Serialized files now loaded: 0)
System memory in use before: 120.6 MB.
System memory in use after: 118.6 MB.

Unloading 39 unused Assets to reduce memory usage. Loaded Objects now: 3032.
Total: 6.614500 ms (FindLiveObjects: 0.440600 ms CreateObjectMapping: 0.466800 ms MarkObjects: 3.061700 ms  DeleteObjects: 2.642800 ms)

========================================================================
Received Import Request.
  Time since last request: 61.283881 seconds.
  path: Assets/Scripts/AudioManager.cs
  artifactKey: Guid(6f4b04b682a17cc4a98bb71683640524) Importer(815301076,1909f56bfc062723c751e8b465ee728b)
Start importing Assets/Scripts/AudioManager.cs using Guid(6f4b04b682a17cc4a98bb71683640524) Importer(815301076,1909f56bfc062723c751e8b465ee728b)  -> (artifact id: '62aaf84da50a4bdcd68838b3c271aabb') in 0.007529 seconds
  Import took 0.013053 seconds .

========================================================================
Received Import Request.
  Time since last request: 105.460708 seconds.
  path: Assets/Sounds
  artifactKey: Guid(c91c3f11bd26d4644829221217adccd9) Importer(815301076,1909f56bfc062723c751e8b465ee728b)
Start importing Assets/Sounds using Guid(c91c3f11bd26d4644829221217adccd9) Importer(815301076,1909f56bfc062723c751e8b465ee728b)  -> (artifact id: 'c250b6f22ad9f8bb281b234553d7ec24') in 0.009634 seconds
  Import took 0.014942 seconds .

========================================================================
Received Import Request.
  Time since last request: 110.942629 seconds.
  path: Assets/Scripts/Sound.cs
  artifactKey: Guid(5f2a0a9e41874d94fa718d56e56b55a3) Importer(815301076,1909f56bfc062723c751e8b465ee728b)
Start importing Assets/Scripts/Sound.cs using Guid(5f2a0a9e41874d94fa718d56e56b55a3) Importer(815301076,1909f56bfc062723c751e8b465ee728b)  -> (artifact id: 'cf0f5680ec7e0c9c4270117289b2d000') in 0.008805 seconds
  Import took 0.013712 seconds .

========================================================================
Received Prepare
Registering precompiled user dll's ...
Registered in 0.001549 seconds.
Begin MonoManager ReloadAssembly
Native extension for WindowsStandalone target not found
Refreshing native plugins compatible for Editor in 0.49 ms, found 0 plugins.
Preloading 0 native plugins for Editor in 0.00 ms.
Invoked RoslynAnalysisRunner static constructor.
RoslynAnalysisRunner will not be running.
RoslynAnalysisRunner has terminated.
Mono: successfully reloaded assembly
- Completed reload, in  0.972 seconds
Platform modules already initialized, skipping
Shader 'Universal Render Pipeline/Particles/Lit': fallback shader 'Universal Render Pipeline/Particles/SimpleLit' not found
Shader 'Universal Render Pipeline/Particles/Lit': fallback shader 'Universal Render Pipeline/Particles/SimpleLit' not found
Refreshing native plugins compatible for Editor in 0.52 ms, found 0 plugins.
Preloading 0 native plugins for Editor in 0.00 ms.
Unloading 2401 Unused Serialized files (Serialized files now loaded: 0)
System memory in use before: 120.5 MB.
System memory in use after: 118.5 MB.

Unloading 39 unused Assets to reduce memory usage. Loaded Objects now: 3036.
Total: 4.261100 ms (FindLiveObjects: 0.348200 ms CreateObjectMapping: 0.122300 ms MarkObjects: 2.130200 ms  DeleteObjects: 1.658800 ms)

========================================================================
Received Import Request.
  Time since last request: 14.541472 seconds.
  path: Assets/Scripts/Sound.cs
  artifactKey: Guid(5f2a0a9e41874d94fa718d56e56b55a3) Importer(815301076,1909f56bfc062723c751e8b465ee728b)
Start importing Assets/Scripts/Sound.cs using Guid(5f2a0a9e41874d94fa718d56e56b55a3) Importer(815301076,1909f56bfc062723c751e8b465ee728b)  -> (artifact id: 'b21120e6609915e2a90a36170e94bed2') in 0.006643 seconds
  Import took 0.011798 seconds .

========================================================================
Received Prepare
Registering precompiled user dll's ...
Registered in 0.001617 seconds.
Begin MonoManager ReloadAssembly
Native extension for WindowsStandalone target not found
Refreshing native plugins compatible for Editor in 0.46 ms, found 0 plugins.
Preloading 0 native plugins for Editor in 0.00 ms.
Invoked RoslynAnalysisRunner static constructor.
RoslynAnalysisRunner will not be running.
RoslynAnalysisRunner has terminated.
Mono: successfully reloaded assembly
- Completed reload, in  0.975 seconds
Platform modules already initialized, skipping
Shader 'Universal Render Pipeline/Particles/Lit': fallback shader 'Universal Render Pipeline/Particles/SimpleLit' not found
Shader 'Universal Render Pipeline/Particles/Lit': fallback shader 'Universal Render Pipeline/Particles/SimpleLit' not found
Refreshing native plugins compatible for Editor in 0.49 ms, found 0 plugins.
Preloading 0 native plugins for Editor in 0.00 ms.
Unloading 2401 Unused Serialized files (Serialized files now loaded: 0)
System memory in use before: 120.6 MB.
System memory in use after: 118.6 MB.

Unloading 39 unused Assets to reduce memory usage. Loaded Objects now: 3039.
Total: 4.273100 ms (FindLiveObjects: 0.518000 ms CreateObjectMapping: 0.239700 ms MarkObjects: 2.123600 ms  DeleteObjects: 1.391000 ms)

========================================================================
Received Prepare
Registering precompiled user dll's ...
Registered in 0.001799 seconds.
Begin MonoManager ReloadAssembly
Native extension for WindowsStandalone target not found
Refreshing native plugins compatible for Editor in 0.60 ms, found 0 plugins.
Preloading 0 native plugins for Editor in 0.00 ms.
Invoked RoslynAnalysisRunner static constructor.
RoslynAnalysisRunner will not be running.
RoslynAnalysisRunner has terminated.
Mono: successfully reloaded assembly
- Completed reload, in  0.947 seconds
Platform modules already initialized, skipping
Shader 'Universal Render Pipeline/Particles/Lit': fallback shader 'Universal Render Pipeline/Particles/SimpleLit' not found
Shader 'Universal Render Pipeline/Particles/Lit': fallback shader 'Universal Render Pipeline/Particles/SimpleLit' not found
Refreshing native plugins compatible for Editor in 0.49 ms, found 0 plugins.
Preloading 0 native plugins for Editor in 0.00 ms.
Unloading 2401 Unused Serialized files (Serialized files now loaded: 0)
System memory in use before: 120.7 MB.
System memory in use after: 118.6 MB.

Unloading 39 unused Assets to reduce memory usage. Loaded Objects now: 3042.
Total: 3.679800 ms (FindLiveObjects: 0.281200 ms CreateObjectMapping: 0.114800 ms MarkObjects: 1.827300 ms  DeleteObjects: 1.455600 ms)

========================================================================
Received Import Request.
  Time since last request: 122.766656 seconds.
  path: Assets/Music/BackGround.mp3
  artifactKey: Guid(ba74d5504178a084799da53123ef656a) Importer(815301076,1909f56bfc062723c751e8b465ee728b)
Start importing Assets/Music/BackGround.mp3 using Guid(ba74d5504178a084799da53123ef656a) Importer(815301076,1909f56bfc062723c751e8b465ee728b)  -> (artifact id: '0a54c8be77ae111845cb063247759a44') in 0.074592 seconds
  Import took 0.079930 seconds .

========================================================================
Received Prepare
Registering precompiled user dll's ...
Registered in 0.001550 seconds.
Begin MonoManager ReloadAssembly
Native extension for WindowsStandalone target not found
Refreshing native plugins compatible for Editor in 0.46 ms, found 0 plugins.
Preloading 0 native plugins for Editor in 0.00 ms.
Invoked RoslynAnalysisRunner static constructor.
RoslynAnalysisRunner will not be running.
RoslynAnalysisRunner has terminated.
Mono: successfully reloaded assembly
- Completed reload, in  1.001 seconds
Platform modules already initialized, skipping
Shader 'Universal Render Pipeline/Particles/Lit': fallback shader 'Universal Render Pipeline/Particles/SimpleLit' not found
Shader 'Universal Render Pipeline/Particles/Lit': fallback shader 'Universal Render Pipeline/Particles/SimpleLit' not found
Refreshing native plugins compatible for Editor in 0.69 ms, found 0 plugins.
Preloading 0 native plugins for Editor in 0.00 ms.
Unloading 2401 Unused Serialized files (Serialized files now loaded: 0)
System memory in use before: 120.7 MB.
System memory in use after: 118.7 MB.

Unloading 39 unused Assets to reduce memory usage. Loaded Objects now: 3046.
Total: 4.630800 ms (FindLiveObjects: 0.368600 ms CreateObjectMapping: 0.181200 ms MarkObjects: 2.375400 ms  DeleteObjects: 1.704200 ms)

========================================================================
Received Prepare
Registering precompiled user dll's ...
Registered in 0.003487 seconds.
Begin MonoManager ReloadAssembly
Native extension for WindowsStandalone target not found
Refreshing native plugins compatible for Editor in 0.48 ms, found 0 plugins.
Preloading 0 native plugins for Editor in 0.00 ms.
Invoked RoslynAnalysisRunner static constructor.
RoslynAnalysisRunner will not be running.
RoslynAnalysisRunner has terminated.
Mono: successfully reloaded assembly
- Completed reload, in  1.036 seconds
Platform modules already initialized, skipping
Shader 'Universal Render Pipeline/Particles/Lit': fallback shader 'Universal Render Pipeline/Particles/SimpleLit' not found
Shader 'Universal Render Pipeline/Particles/Lit': fallback shader 'Universal Render Pipeline/Particles/SimpleLit' not found
Refreshing native plugins compatible for Editor in 0.48 ms, found 0 plugins.
Preloading 0 native plugins for Editor in 0.00 ms.
Unloading 2401 Unused Serialized files (Serialized files now loaded: 0)
System memory in use before: 120.7 MB.
System memory in use after: 118.7 MB.

Unloading 39 unused Assets to reduce memory usage. Loaded Objects now: 3049.
Total: 4.568000 ms (FindLiveObjects: 0.318200 ms CreateObjectMapping: 0.149500 ms MarkObjects: 2.579700 ms  DeleteObjects: 1.518900 ms)

========================================================================
Received Prepare
Registering precompiled user dll's ...
Registered in 0.001540 seconds.
Begin MonoManager ReloadAssembly
Native extension for WindowsStandalone target not found
Refreshing native plugins compatible for Editor in 0.45 ms, found 0 plugins.
Preloading 0 native plugins for Editor in 0.00 ms.
Invoked RoslynAnalysisRunner static constructor.
RoslynAnalysisRunner will not be running.
RoslynAnalysisRunner has terminated.
Mono: successfully reloaded assembly
- Completed reload, in  0.916 seconds
Platform modules already initialized, skipping
Shader 'Universal Render Pipeline/Particles/Lit': fallback shader 'Universal Render Pipeline/Particles/SimpleLit' not found
Shader 'Universal Render Pipeline/Particles/Lit': fallback shader 'Universal Render Pipeline/Particles/SimpleLit' not found
Refreshing native plugins compatible for Editor in 0.57 ms, found 0 plugins.
Preloading 0 native plugins for Editor in 0.00 ms.
Unloading 2401 Unused Serialized files (Serialized files now loaded: 0)
System memory in use before: 120.6 MB.
System memory in use after: 118.6 MB.

Unloading 39 unused Assets to reduce memory usage. Loaded Objects now: 3052.
Total: 4.332800 ms (FindLiveObjects: 0.324900 ms CreateObjectMapping: 0.149200 ms MarkObjects: 2.142800 ms  DeleteObjects: 1.714800 ms)

AssetImportWorkerClient::OnTransportError - code=2 error=End of file
